<?xml version="1.0" encoding="UTF-8"?>
<testng-results ignored="0" total="1" passed="1" failed="0" skipped="0">
  <reporter-output>
  </reporter-output>
  <suite started-at="2023-05-11T23:26:17 IST" name="Default suite" finished-at="2023-05-11T23:27:12 IST" duration-ms="55143">
    <groups>
    </groups>
    <test started-at="2023-05-11T23:26:17 IST" name="Default test" finished-at="2023-05-11T23:27:12 IST" duration-ms="55143">
      <class name="tests.LoginLogout">
        <test-method signature="loginLogout()[pri:0, instance:tests.LoginLogout@19e4653c]" started-at="2023-05-11T23:26:30 IST" name="loginLogout" finished-at="2023-05-11T23:27:12 IST" duration-ms="42353" status="PASS">
          <reporter-output>
          </reporter-output>
        </test-method> <!-- loginLogout -->
      </class> <!-- tests.LoginLogout -->
    </test> <!-- Default test -->
  </suite> <!-- Default suite -->
</testng-results>
